# JRE version: Java(TM) SE Runtime Environment (8.0_144-b01) (build 1.8.0_144-b01)
# Java VM: Java HotSpot(TM) 64-Bit Server VM (25.144-b01 mixed mode linux-amd64 compressed oops)
Heap:
 PSYoungGen      total 67584K, used 6624K [0x00000000ec300000, 0x00000000f0c00000, 0x0000000100000000)
  eden space 60928K, 0% used [0x00000000ec300000,0x00000000ec300000,0x00000000efe80000)
  from space 6656K, 99% used [0x00000000efe80000,0x00000000f04f8020,0x00000000f0500000)
  to   space 6144K, 0% used [0x00000000f0500000,0x00000000f0500000,0x00000000f0b00000)
 ParOldGen       total 40960K, used 8577K [0x00000000c4800000, 0x00000000c7000000, 0x00000000ec300000)
  object space 40960K, 20% used [0x00000000c4800000,0x00000000c50606e8,0x00000000c7000000)
 Metaspace       used 20628K, capacity 21174K, committed 21296K, reserved 1069056K
  class space    used 2530K, capacity 2688K, committed 2688K, reserved 1048576K
GC Heap History (10 events):
Event: 2,787 GC heap after
Heap after GC invocations=2 (full 0):
 PSYoungGen      total 17920K, used 2524K [0x00000000ec300000, 0x00000000ed700000, 0x0000000100000000)
  eden space 15360K, 0% used [0x00000000ec300000,0x00000000ec300000,0x00000000ed200000)
  from space 2560K, 98% used [0x00000000ed480000,0x00000000ed6f7250,0x00000000ed700000)
  to   space 2560K, 0% used [0x00000000ed200000,0x00000000ed200000,0x00000000ed480000)
 ParOldGen       total 40960K, used 865K [0x00000000c4800000, 0x00000000c7000000, 0x00000000ec300000)
  object space 40960K, 2% used [0x00000000c4800000,0x00000000c48d8530,0x00000000c7000000)
 Metaspace       used 7827K, capacity 7996K, committed 8320K, reserved 1056768K
  class space    used 986K, capacity 1048K, committed 1152K, reserved 1048576K
}
Event: 3,211 GC heap before
{Heap before GC invocations=3 (full 0):
 PSYoungGen      total 17920K, used 17884K [0x00000000ec300000, 0x00000000ed700000, 0x0000000100000000)
  eden space 15360K, 100% used [0x00000000ec300000,0x00000000ed200000,0x00000000ed200000)
  from space 2560K, 98% used [0x00000000ed480000,0x00000000ed6f7250,0x00000000ed700000)
  to   space 2560K, 0% used [0x00000000ed200000,0x00000000ed200000,0x00000000ed480000)
 ParOldGen       total 40960K, used 865K [0x00000000c4800000, 0x00000000c7000000, 0x00000000ec300000)
  object space 40960K, 2% used [0x00000000c4800000,0x00000000c48d8530,0x00000000c7000000)
 Metaspace       used 9779K, capacity 9976K, committed 10112K, reserved 1058816K
  class space    used 1213K, capacity 1281K, committed 1408K, reserved 1048576K
Event: 3,218 GC heap after
Heap after GC invocations=3 (full 0):
 PSYoungGen      total 17920K, used 2536K [0x00000000ec300000, 0x00000000ee600000, 0x0000000100000000)
  eden space 15360K, 0% used [0x00000000ec300000,0x00000000ec300000,0x00000000ed200000)
  from space 2560K, 99% used [0x00000000ed200000,0x00000000ed47a1a0,0x00000000ed480000)
  to   space 2560K, 0% used [0x00000000ee380000,0x00000000ee380000,0x00000000ee600000)
 ParOldGen       total 40960K, used 2673K [0x00000000c4800000, 0x00000000c7000000, 0x00000000ec300000)
  object space 40960K, 6% used [0x00000000c4800000,0x00000000c4a9c418,0x00000000c7000000)
 Metaspace       used 9779K, capacity 9976K, committed 10112K, reserved 1058816K
  class space    used 1213K, capacity 1281K, committed 1408K, reserved 1048576K
}
Event: 3,623 GC heap before
{Heap before GC invocations=4 (full 0):
 PSYoungGen      total 17920K, used 17892K [0x00000000ec300000, 0x00000000ee600000, 0x0000000100000000)
  eden space 15360K, 99% used [0x00000000ec300000,0x00000000ed1ff080,0x00000000ed200000)
  from space 2560K, 99% used [0x00000000ed200000,0x00000000ed47a1a0,0x00000000ed480000)
  to   space 2560K, 0% used [0x00000000ee380000,0x00000000ee380000,0x00000000ee600000)
 ParOldGen       total 40960K, used 2673K [0x00000000c4800000, 0x00000000c7000000, 0x00000000ec300000)
  object space 40960K, 6% used [0x00000000c4800000,0x00000000c4a9c418,0x00000000c7000000)
 Metaspace       used 11767K, capacity 11944K, committed 12160K, reserved 1060864K
  class space    used 1488K, capacity 1572K, committed 1664K, reserved 1048576K
Event: 3,632 GC heap after
Heap after GC invocations=4 (full 0):
 PSYoungGen      total 33280K, used 2528K [0x00000000ec300000, 0x00000000ee600000, 0x0000000100000000)
  eden space 30720K, 0% used [0x00000000ec300000,0x00000000ec300000,0x00000000ee100000)
  from space 2560K, 98% used [0x00000000ee380000,0x00000000ee5f8020,0x00000000ee600000)
  to   space 2560K, 0% used [0x00000000ee100000,0x00000000ee100000,0x00000000ee380000)
 ParOldGen       total 40960K, used 5035K [0x00000000c4800000, 0x00000000c7000000, 0x00000000ec300000)
  object space 40960K, 12% used [0x00000000c4800000,0x00000000c4ceae38,0x00000000c7000000)
 Metaspace       used 11767K, capacity 11944K, committed 12160K, reserved 1060864K
  class space    used 1488K, capacity 1572K, committed 1664K, reserved 1048576K
}
Event: 4,614 GC heap before
{Heap before GC invocations=5 (full 0):
 PSYoungGen      total 33280K, used 33248K [0x00000000ec300000, 0x00000000ee600000, 0x0000000100000000)
  eden space 30720K, 100% used [0x00000000ec300000,0x00000000ee100000,0x00000000ee100000)
  from space 2560K, 98% used [0x00000000ee380000,0x00000000ee5f8020,0x00000000ee600000)
  to   space 2560K, 0% used [0x00000000ee100000,0x00000000ee100000,0x00000000ee380000)
 ParOldGen       total 40960K, used 5035K [0x00000000c4800000, 0x00000000c7000000, 0x00000000ec300000)
  object space 40960K, 12% used [0x00000000c4800000,0x00000000c4ceae38,0x00000000c7000000)
 Metaspace       used 14171K, capacity 14350K, committed 14720K, reserved 1062912K
  class space    used 1767K, capacity 1872K, committed 1920K, reserved 1048576K
Event: 4,635 GC heap after
Heap after GC invocations=5 (full 0):
 PSYoungGen      total 33280K, used 2544K [0x00000000ec300000, 0x00000000f0b00000, 0x0000000100000000)
  eden space 30720K, 0% used [0x00000000ec300000,0x00000000ec300000,0x00000000ee100000)
  from space 2560K, 99% used [0x00000000ee100000,0x00000000ee37c030,0x00000000ee380000)
  to   space 6144K, 0% used [0x00000000f0500000,0x00000000f0500000,0x00000000f0b00000)
 ParOldGen       total 40960K, used 6946K [0x00000000c4800000, 0x00000000c7000000, 0x00000000ec300000)
  object space 40960K, 16% used [0x00000000c4800000,0x00000000c4ec8bf0,0x00000000c7000000)
 Metaspace       used 14171K, capacity 14350K, committed 14720K, reserved 1062912K
  class space    used 1767K, capacity 1872K, committed 1920K, reserved 1048576K
}
Event: 7,330 GC heap before
{Heap before GC invocations=6 (full 0):
 PSYoungGen      total 33280K, used 33264K [0x00000000ec300000, 0x00000000f0b00000, 0x0000000100000000)
  eden space 30720K, 100% used [0x00000000ec300000,0x00000000ee100000,0x00000000ee100000)
  from space 2560K, 99% used [0x00000000ee100000,0x00000000ee37c030,0x00000000ee380000)
  to   space 6144K, 0% used [0x00000000f0500000,0x00000000f0500000,0x00000000f0b00000)
 ParOldGen       total 40960K, used 6946K [0x00000000c4800000, 0x00000000c7000000, 0x00000000ec300000)
  object space 40960K, 16% used [0x00000000c4800000,0x00000000c4ec8bf0,0x00000000c7000000)
 Metaspace       used 16183K, capacity 16434K, committed 16768K, reserved 1064960K
  class space    used 1961K, capacity 2072K, committed 2176K, reserved 1048576K
Event: 7,345 GC heap after
Heap after GC invocations=6 (full 0):
 PSYoungGen      total 67072K, used 6005K [0x00000000ec300000, 0x00000000f0c00000, 0x0000000100000000)
  eden space 60928K, 0% used [0x00000000ec300000,0x00000000ec300000,0x00000000efe80000)
  from space 6144K, 97% used [0x00000000f0500000,0x00000000f0add678,0x00000000f0b00000)
  to   space 6656K, 0% used [0x00000000efe80000,0x00000000efe80000,0x00000000f0500000)
 ParOldGen       total 40960K, used 6954K [0x00000000c4800000, 0x00000000c7000000, 0x00000000ec300000)
  object space 40960K, 16% used [0x00000000c4800000,0x00000000c4ecabf0,0x00000000c7000000)
 Metaspace       used 16183K, capacity 16434K, committed 16768K, reserved 1064960K
  class space    used 1961K, capacity 2072K, committed 2176K, reserved 1048576K
}
Event: 11,298 GC heap before
{Heap before GC invocations=7 (full 0):
 PSYoungGen      total 67072K, used 59830K [0x00000000ec300000, 0x00000000f0c00000, 0x0000000100000000)
  eden space 60928K, 88% used [0x00000000ec300000,0x00000000ef7901f8,0x00000000efe80000)
  from space 6144K, 97% used [0x00000000f0500000,0x00000000f0add678,0x00000000f0b00000)
  to   space 6656K, 0% used [0x00000000efe80000,0x00000000efe80000,0x00000000f0500000)
 ParOldGen       total 40960K, used 6954K [0x00000000c4800000, 0x00000000c7000000, 0x00000000ec300000)
  object space 40960K, 16% used [0x00000000c4800000,0x00000000c4ecabf0,0x00000000c7000000)
 Metaspace       used 20628K, capacity 21174K, committed 21296K, reserved 1069056K
  class space    used 2530K, capacity 2688K, committed 2688K, reserved 1048576K

