# JRE version: Java(TM) SE Runtime Environment (8.0_144-b01) (build 1.8.0_144-b01)
# Java VM: Java HotSpot(TM) 64-Bit Server VM (25.144-b01 mixed mode linux-amd64 compressed oops)
Heap:
 PSYoungGen      total 129024K, used 6686K [0x00000000ec300000, 0x00000000f4f80000, 0x0000000100000000)
  eden space 114176K, 0% used [0x00000000ec300000,0x00000000ec300000,0x00000000f3280000)
  from space 14848K, 45% used [0x00000000f4100000,0x00000000f4787998,0x00000000f4f80000)
  to   space 11776K, 0% used [0x00000000f3400000,0x00000000f3400000,0x00000000f3f80000)
 ParOldGen       total 35840K, used 25572K [0x00000000c4800000, 0x00000000c6b00000, 0x00000000ec300000)
  object space 35840K, 71% used [0x00000000c4800000,0x00000000c60f9258,0x00000000c6b00000)
 Metaspace       used 30077K, capacity 30988K, committed 31232K, reserved 1077248K
  class space    used 3510K, capacity 3751K, committed 3840K, reserved 1048576K
GC Heap History (10 events):
Event: 6,549 GC heap after
Heap after GC invocations=6 (full 0):
 PSYoungGen      total 67072K, used 5973K [0x00000000ec300000, 0x00000000f0c00000, 0x0000000100000000)
  eden space 60928K, 0% used [0x00000000ec300000,0x00000000ec300000,0x00000000efe80000)
  from space 6144K, 97% used [0x00000000f0500000,0x00000000f0ad5658,0x00000000f0b00000)
  to   space 6656K, 0% used [0x00000000efe80000,0x00000000efe80000,0x00000000f0500000)
 ParOldGen       total 40960K, used 7121K [0x00000000c4800000, 0x00000000c7000000, 0x00000000ec300000)
  object space 40960K, 17% used [0x00000000c4800000,0x00000000c4ef44d0,0x00000000c7000000)
 Metaspace       used 16207K, capacity 16498K, committed 16768K, reserved 1064960K
  class space    used 1961K, capacity 2072K, committed 2176K, reserved 1048576K
}
Event: 9,610 GC heap before
{Heap before GC invocations=7 (full 0):
 PSYoungGen      total 67072K, used 60056K [0x00000000ec300000, 0x00000000f0c00000, 0x0000000100000000)
  eden space 60928K, 88% used [0x00000000ec300000,0x00000000ef7d0a20,0x00000000efe80000)
  from space 6144K, 97% used [0x00000000f0500000,0x00000000f0ad5658,0x00000000f0b00000)
  to   space 6656K, 0% used [0x00000000efe80000,0x00000000efe80000,0x00000000f0500000)
 ParOldGen       total 40960K, used 7121K [0x00000000c4800000, 0x00000000c7000000, 0x00000000ec300000)
  object space 40960K, 17% used [0x00000000c4800000,0x00000000c4ef44d0,0x00000000c7000000)
 Metaspace       used 20692K, capacity 21174K, committed 21296K, reserved 1069056K
  class space    used 2537K, capacity 2688K, committed 2688K, reserved 1048576K
Event: 9,645 GC heap after
Heap after GC invocations=7 (full 0):
 PSYoungGen      total 67584K, used 6648K [0x00000000ec300000, 0x00000000f4b00000, 0x0000000100000000)
  eden space 60928K, 0% used [0x00000000ec300000,0x00000000ec300000,0x00000000efe80000)
  from space 6656K, 99% used [0x00000000efe80000,0x00000000f04fe2a0,0x00000000f0500000)
  to   space 8704K, 0% used [0x00000000f4280000,0x00000000f4280000,0x00000000f4b00000)
 ParOldGen       total 40960K, used 8817K [0x00000000c4800000, 0x00000000c7000000, 0x00000000ec300000)
  object space 40960K, 21% used [0x00000000c4800000,0x00000000c509c460,0x00000000c7000000)
 Metaspace       used 20692K, capacity 21174K, committed 21296K, reserved 1069056K
  class space    used 2537K, capacity 2688K, committed 2688K, reserved 1048576K
}
Event: 9,645 GC heap before
{Heap before GC invocations=8 (full 1):
 PSYoungGen      total 67584K, used 6648K [0x00000000ec300000, 0x00000000f4b00000, 0x0000000100000000)
  eden space 60928K, 0% used [0x00000000ec300000,0x00000000ec300000,0x00000000efe80000)
  from space 6656K, 99% used [0x00000000efe80000,0x00000000f04fe2a0,0x00000000f0500000)
  to   space 8704K, 0% used [0x00000000f4280000,0x00000000f4280000,0x00000000f4b00000)
 ParOldGen       total 40960K, used 8817K [0x00000000c4800000, 0x00000000c7000000, 0x00000000ec300000)
  object space 40960K, 21% used [0x00000000c4800000,0x00000000c509c460,0x00000000c7000000)
 Metaspace       used 20692K, capacity 21174K, committed 21296K, reserved 1069056K
  class space    used 2537K, capacity 2688K, committed 2688K, reserved 1048576K
Event: 9,773 GC heap after
Heap after GC invocations=8 (full 1):
 PSYoungGen      total 67584K, used 0K [0x00000000ec300000, 0x00000000f4b00000, 0x0000000100000000)
  eden space 60928K, 0% used [0x00000000ec300000,0x00000000ec300000,0x00000000efe80000)
  from space 6656K, 0% used [0x00000000efe80000,0x00000000efe80000,0x00000000f0500000)
  to   space 8704K, 0% used [0x00000000f4280000,0x00000000f4280000,0x00000000f4b00000)
 ParOldGen       total 35840K, used 9463K [0x00000000c4800000, 0x00000000c6b00000, 0x00000000ec300000)
  object space 35840K, 26% used [0x00000000c4800000,0x00000000c513dc48,0x00000000c6b00000)
 Metaspace       used 20692K, capacity 21174K, committed 21296K, reserved 1069056K
  class space    used 2537K, capacity 2688K, committed 2688K, reserved 1048576K
}
Event: 13,221 GC heap before
{Heap before GC invocations=9 (full 1):
 PSYoungGen      total 67584K, used 60928K [0x00000000ec300000, 0x00000000f4b00000, 0x0000000100000000)
  eden space 60928K, 100% used [0x00000000ec300000,0x00000000efe80000,0x00000000efe80000)
  from space 6656K, 0% used [0x00000000efe80000,0x00000000efe80000,0x00000000f0500000)
  to   space 8704K, 0% used [0x00000000f4280000,0x00000000f4280000,0x00000000f4b00000)
 ParOldGen       total 35840K, used 9463K [0x00000000c4800000, 0x00000000c6b00000, 0x00000000ec300000)
  object space 35840K, 26% used [0x00000000c4800000,0x00000000c513dc48,0x00000000c6b00000)
 Metaspace       used 23852K, capacity 24336K, committed 24576K, reserved 1071104K
  class space    used 2812K, capacity 2949K, committed 3072K, reserved 1048576K
Event: 13,242 GC heap after
Heap after GC invocations=9 (full 1):
 PSYoungGen      total 98816K, used 8685K [0x00000000ec300000, 0x00000000f4b00000, 0x0000000100000000)
  eden space 90112K, 0% used [0x00000000ec300000,0x00000000ec300000,0x00000000f1b00000)
  from space 8704K, 99% used [0x00000000f4280000,0x00000000f4afb648,0x00000000f4b00000)
  to   space 11776K, 0% used [0x00000000f3400000,0x00000000f3400000,0x00000000f3f80000)
 ParOldGen       total 35840K, used 13989K [0x00000000c4800000, 0x00000000c6b00000, 0x00000000ec300000)
  object space 35840K, 39% used [0x00000000c4800000,0x00000000c55a9508,0x00000000c6b00000)
 Metaspace       used 23852K, capacity 24336K, committed 24576K, reserved 1071104K
  class space    used 2812K, capacity 2949K, committed 3072K, reserved 1048576K
}
Event: 19,418 GC heap before
{Heap before GC invocations=10 (full 1):
 PSYoungGen      total 98816K, used 98797K [0x00000000ec300000, 0x00000000f4b00000, 0x0000000100000000)
  eden space 90112K, 100% used [0x00000000ec300000,0x00000000f1b00000,0x00000000f1b00000)
  from space 8704K, 99% used [0x00000000f4280000,0x00000000f4afb648,0x00000000f4b00000)
  to   space 11776K, 0% used [0x00000000f3400000,0x00000000f3400000,0x00000000f3f80000)
 ParOldGen       total 35840K, used 13989K [0x00000000c4800000, 0x00000000c6b00000, 0x00000000ec300000)
  object space 35840K, 39% used [0x00000000c4800000,0x00000000c55a9508,0x00000000c6b00000)
 Metaspace       used 27932K, capacity 28652K, committed 28928K, reserved 1075200K
  class space    used 3272K, capacity 3464K, committed 3584K, reserved 1048576K
Event: 19,469 GC heap after
Heap after GC invocations=10 (full 1):
 PSYoungGen      total 125952K, used 11761K [0x00000000ec300000, 0x00000000f4f80000, 0x0000000100000000)
  eden space 114176K, 0% used [0x00000000ec300000,0x00000000ec300000,0x00000000f3280000)
  from space 11776K, 99% used [0x00000000f3400000,0x00000000f3f7c728,0x00000000f3f80000)
  to   space 14848K, 0% used [0x00000000f4100000,0x00000000f4100000,0x00000000f4f80000)
 ParOldGen       total 35840K, used 17094K [0x00000000c4800000, 0x00000000c6b00000, 0x00000000ec300000)
  object space 35840K, 47% used [0x00000000c4800000,0x00000000c58b1b50,0x00000000c6b00000)
 Metaspace       used 27932K, capacity 28652K, committed 28928K, reserved 1075200K
  class space    used 3272K, capacity 3464K, committed 3584K, reserved 1048576K
}
Event: 23,230 GC heap before
{Heap before GC invocations=11 (full 1):
 PSYoungGen      total 125952K, used 125937K [0x00000000ec300000, 0x00000000f4f80000, 0x0000000100000000)
  eden space 114176K, 100% used [0x00000000ec300000,0x00000000f3280000,0x00000000f3280000)
  from space 11776K, 99% used [0x00000000f3400000,0x00000000f3f7c728,0x00000000f3f80000)
  to   space 14848K, 0% used [0x00000000f4100000,0x00000000f4100000,0x00000000f4f80000)
 ParOldGen       total 35840K, used 17094K [0x00000000c4800000, 0x00000000c6b00000, 0x00000000ec300000)
  object space 35840K, 47% used [0x00000000c4800000,0x00000000c58b1b50,0x00000000c6b00000)
 Metaspace       used 30077K, capacity 30988K, committed 31232K, reserved 1077248K
  class space    used 3510K, capacity 3751K, committed 3840K, reserved 1048576K

